2017-12-08 17:04:44 INFO  Main:163 - La Partie va commence.
2017-12-08 17:04:44 INFO  Main:34 - La Partie commence.
2017-12-08 17:04:48 INFO  Main:87 - Joueur noir a passer
2017-12-08 17:04:49 INFO  Main:87 - Joueur blanc a passer
2017-12-08 17:04:49 INFO  Main:91 - La partie est finie car les deux joueurs ont passé
2017-12-08 17:04:49 INFO  Main:65 - La Partie est terminée
2017-12-08 17:06:36 INFO  Main:163 - La Partie va commence.
2017-12-08 17:06:36 INFO  Main:34 - La Partie commence.
2017-12-08 17:06:39 INFO  Main:87 - Joueur noir a passer
2017-12-08 17:06:40 INFO  Main:87 - Joueur blanc a passer
2017-12-08 17:06:40 INFO  Main:91 - La partie est finie car les deux joueurs ont passé
2017-12-08 17:06:40 INFO  Main:65 - La Partie est terminée
2017-12-14 13:38:25 INFO  Main:34 - La Partie commence.
2017-12-14 13:45:17 INFO  Main:34 - La Partie commence.
2017-12-14 13:45:18 INFO  Main:34 - La Partie commence.
2017-12-14 13:45:47 INFO  Main:34 - La Partie commence.
2017-12-14 13:45:47 INFO  Main:34 - La Partie commence.
2017-12-14 13:46:29 INFO  Main:34 - La Partie commence.
2017-12-14 13:46:29 INFO  Main:34 - La Partie commence.
2017-12-14 13:46:29 INFO  Main:34 - La Partie commence.
2017-12-14 13:46:30 INFO  Main:34 - La Partie commence.
2017-12-14 13:47:01 INFO  Main:34 - La Partie commence.
2017-12-14 13:47:01 INFO  Main:34 - La Partie commence.
2017-12-14 13:47:52 INFO  Main:34 - La Partie commence.
2017-12-14 13:49:23 INFO  Main:34 - La Partie commence.
2017-12-14 14:13:43 INFO  Main:43 - La Partie commence.
2017-12-14 14:33:12 INFO  Main:43 - La Partie commence.
2017-12-14 14:49:09 INFO  Main:46 - La Partie commence.
2017-12-14 14:50:07 INFO  Main:46 - La Partie commence.
2017-12-14 14:54:39 INFO  Main:46 - La Partie commence.
2017-12-14 14:55:42 INFO  Main:46 - La Partie commence.
2017-12-14 14:57:10 INFO  Main:46 - La Partie commence.
2017-12-14 14:57:24 INFO  Main:76 - La partie est finie car les deux joueurs ont passé
2017-12-14 14:57:25 INFO  Main:76 - La partie est finie car les deux joueurs ont passé
2017-12-14 14:57:25 INFO  Main:76 - La partie est finie car les deux joueurs ont passé
2017-12-14 14:57:32 INFO  Main:76 - La partie est finie car les deux joueurs ont passé
2017-12-14 14:57:32 INFO  Main:76 - La partie est finie car les deux joueurs ont passé
2017-12-14 14:57:33 INFO  Main:76 - La partie est finie car les deux joueurs ont passé
2017-12-14 14:57:34 INFO  Main:76 - La partie est finie car les deux joueurs ont passé
2017-12-14 15:07:33 INFO  Main:53 - La Partie commence.
2017-12-14 15:07:36 INFO  Main:83 - La partie est finie car les deux joueurs ont passé
2017-12-14 15:09:02 INFO  Main:53 - La Partie commence.
2017-12-14 15:09:06 INFO  Main:70 - Le joueur courant change
2017-12-14 15:09:09 INFO  Main:84 - La partie est finie car les deux joueurs ont passé
2017-12-14 15:12:32 INFO  Main:53 - La Partie commence.
2017-12-14 15:12:53 INFO  Main:70 - Le joueur courant change
2017-12-14 15:14:46 INFO  Main:53 - La Partie commence.
2017-12-14 15:15:27 INFO  Main:53 - La Partie commence.
